c:\users\jeongmin\source\repos\algorithm\algorithm\x64\debug\vc143.pdb
c:\users\jeongmin\source\repos\algorithm\algorithm\x64\debug\vc143.idb
c:\users\jeongmin\source\repos\algorithm\algorithm\x64\debug\1978.obj
c:\users\jeongmin\source\repos\algorithm\algorithm\x64\debug\1929.obj
c:\users\jeongmin\source\repos\algorithm\algorithm\x64\debug\2004.obj
c:\users\jeongmin\source\repos\algorithm\algorithm\x64\debug\16194.obj
c:\users\jeongmin\source\repos\algorithm\algorithm\x64\debug\10430.obj
c:\users\jeongmin\source\repos\algorithm\algorithm\x64\debug\10799.obj
c:\users\jeongmin\source\repos\algorithm\algorithm\x64\debug\10808.obj
c:\users\jeongmin\source\repos\algorithm\algorithm\x64\debug\10809.obj
c:\users\jeongmin\source\repos\algorithm\algorithm\x64\debug\10820.obj
c:\users\jeongmin\source\repos\algorithm\algorithm\x64\debug\10824.obj
c:\users\jeongmin\source\repos\algorithm\algorithm\x64\debug\10828.obj
c:\users\jeongmin\source\repos\algorithm\algorithm\x64\debug\10845.obj
c:\users\jeongmin\source\repos\algorithm\algorithm\x64\debug\10866.obj
c:\users\jeongmin\source\repos\algorithm\algorithm\x64\debug\10872.obj
c:\users\jeongmin\source\repos\algorithm\algorithm\x64\debug\11005.obj
c:\users\jeongmin\source\repos\algorithm\algorithm\x64\debug\11052.obj
c:\users\jeongmin\source\repos\algorithm\algorithm\x64\debug\11112.obj
c:\users\jeongmin\source\repos\algorithm\algorithm\x64\debug\11576.obj
c:\users\jeongmin\source\repos\algorithm\algorithm\x64\debug\1158.obj
c:\users\jeongmin\source\repos\algorithm\algorithm\x64\debug\11653.obj
c:\users\jeongmin\source\repos\algorithm\algorithm\x64\debug\11655.obj
c:\users\jeongmin\source\repos\algorithm\algorithm\x64\debug\11656.obj
c:\users\jeongmin\source\repos\algorithm\algorithm\x64\debug\11726.obj
c:\users\jeongmin\source\repos\algorithm\algorithm\x64\debug\11727.obj
c:\users\jeongmin\source\repos\algorithm\algorithm\x64\debug\1212.obj
c:\users\jeongmin\source\repos\algorithm\algorithm\x64\debug\1373.obj
c:\users\jeongmin\source\repos\algorithm\algorithm\x64\debug\1406.obj
c:\users\jeongmin\source\repos\algorithm\algorithm\x64\debug\1463.obj
c:\users\jeongmin\source\repos\algorithm\algorithm\x64\debug\1676.obj
c:\users\jeongmin\source\repos\algorithm\algorithm\x64\debug\17087.obj
c:\users\jeongmin\source\repos\algorithm\algorithm\x64\debug\17103.obj
c:\users\jeongmin\source\repos\algorithm\algorithm\x64\debug\17298.obj
c:\users\jeongmin\source\repos\algorithm\algorithm\x64\debug\17298_2.obj
c:\users\jeongmin\source\repos\algorithm\algorithm\x64\debug\17298_3.obj
c:\users\jeongmin\source\repos\algorithm\algorithm\x64\debug\17299.obj
c:\users\jeongmin\source\repos\algorithm\algorithm\x64\debug\17413.obj
c:\users\jeongmin\source\repos\algorithm\algorithm\x64\debug\1874.obj
c:\users\jeongmin\source\repos\algorithm\algorithm\x64\debug\1918.obj
c:\users\jeongmin\source\repos\algorithm\algorithm\x64\debug\1935.obj
c:\users\jeongmin\source\repos\algorithm\algorithm\x64\debug\1935_2(incomplete).obj
c:\users\jeongmin\source\repos\algorithm\algorithm\x64\debug\1935_2.obj
c:\users\jeongmin\source\repos\algorithm\algorithm\x64\debug\2004(incomplete).obj
c:\users\jeongmin\source\repos\algorithm\algorithm\x64\debug\2004_2.obj
c:\users\jeongmin\source\repos\algorithm\algorithm\x64\debug\2089.obj
c:\users\jeongmin\source\repos\algorithm\algorithm\x64\debug\2609.obj
c:\users\jeongmin\source\repos\algorithm\algorithm\x64\debug\2743.obj
c:\users\jeongmin\source\repos\algorithm\algorithm\x64\debug\2745.obj
c:\users\jeongmin\source\repos\algorithm\algorithm\x64\debug\6588.obj
c:\users\jeongmin\source\repos\algorithm\algorithm\x64\debug\6588_2.obj
c:\users\jeongmin\source\repos\algorithm\algorithm\x64\debug\9012.obj
c:\users\jeongmin\source\repos\algorithm\algorithm\x64\debug\9093.obj
c:\users\jeongmin\source\repos\algorithm\algorithm\x64\debug\9093_2.obj
c:\users\jeongmin\source\repos\algorithm\algorithm\x64\debug\9613.obj
c:\users\jeongmin\source\repos\algorithm\algorithm\x64\debug\dynamicallocqueuetype.obj
c:\users\jeongmin\source\repos\algorithm\algorithm\x64\debug\dynamicallocstacktype.obj
c:\users\jeongmin\source\repos\algorithm\algorithm\x64\debug\ex1.obj
c:\users\jeongmin\source\repos\algorithm\algorithm\x64\debug\fsm_ex.obj
c:\users\jeongmin\source\repos\algorithm\algorithm\x64\debug\map_ex.obj
c:\users\jeongmin\source\repos\algorithm\algorithm\x64\debug\quetype.obj
c:\users\jeongmin\source\repos\algorithm\algorithm\x64\debug\queuetype.obj
c:\users\jeongmin\source\repos\algorithm\algorithm\x64\debug\stacktype.obj
c:\users\jeongmin\source\repos\algorithm\algorithm\x64\debug\1935.obj.enc
c:\users\jeongmin\source\repos\algorithm\x64\debug\algorithm.pdb
c:\users\jeongmin\source\repos\algorithm\algorithm\x64\debug\algorithm.tlog\cl.command.1.tlog
c:\users\jeongmin\source\repos\algorithm\algorithm\x64\debug\algorithm.tlog\cl.items.tlog
c:\users\jeongmin\source\repos\algorithm\algorithm\x64\debug\algorithm.tlog\cl.read.1.tlog
c:\users\jeongmin\source\repos\algorithm\algorithm\x64\debug\algorithm.tlog\cl.write.1.tlog
c:\users\jeongmin\source\repos\algorithm\algorithm\x64\debug\algorithm.tlog\link.8132.read.1.tlog
c:\users\jeongmin\source\repos\algorithm\algorithm\x64\debug\algorithm.tlog\link.8132.read.2.tlog
c:\users\jeongmin\source\repos\algorithm\algorithm\x64\debug\algorithm.tlog\link.8132.read.3.tlog
c:\users\jeongmin\source\repos\algorithm\algorithm\x64\debug\algorithm.tlog\link.8132.write.1.tlog
c:\users\jeongmin\source\repos\algorithm\algorithm\x64\debug\algorithm.tlog\link.command.1.tlog
c:\users\jeongmin\source\repos\algorithm\algorithm\x64\debug\algorithm.tlog\link.read.1.tlog
c:\users\jeongmin\source\repos\algorithm\algorithm\x64\debug\algorithm.tlog\link.write.1.tlog
